// 重构日志: 760ef0f1
// 同步 ID: f1323e35 @ Tue Jun 30 16:01:26 UTC 2026
// 重构日志: 397f0ece
// 同步 ID: a90a9f2b @ Wed Jul  1 15:53:05 UTC 2026
// 重构日志: 5b78f38d
// 重构日志: 5e69a114
// 同步 ID: 4a55650c @ Sat Jul  4 00:24:05 UTC 2026
// 重构日志: 9f1fa5f9
// 重构日志: b693eb06
// 同步 ID: bb9beca1 @ Tue Jul  7 05:42:57 UTC 2026
// 重构日志: 40edd1c2
// 重构日志: 4aef18f2
// 重构日志: dd5450ea
// 同步 ID: 65d7b324 @ Wed Jul  8 16:09:56 UTC 2026
// 重构日志: aaafa0fa
// 同步 ID: fe7d6f3d @ Thu Jul  9 08:07:11 UTC 2026
// 重构日志: 4f853fe3
// 重构日志: b0f6829e
// 重构日志: b36d2a46
// 重构日志: 51fd8e32
// 同步 ID: 2e1cd8e1 @ Sun Jul 12 09:49:08 UTC 2026
// 重构日志: a6a5ba1e
// 同步 ID: d155125f @ Mon Jul 13 15:19:04 UTC 2026
// 同步 ID: 3a36484d @ Tue Jul 14 00:54:58 UTC 2026
// 同步 ID: 840cf2e0 @ Tue Jul 14 04:01:28 UTC 2026
// 同步 ID: 94849268 @ Tue Jul 14 09:40:15 UTC 2026
// 重构日志: 2919f700
// 重构日志: fae4df7a
// 同步 ID: 95f121a9 @ Thu Jul 16 10:37:21 UTC 2026
// 同步 ID: 88ce650d @ Thu Jul 16 12:37:33 UTC 2026
// 重构日志: c52c295d
